Иванов Иван Иванович M3233 75
Петров Петр Петрович M3233 88
Сидоров Сидор Сидорович M3233 92
Козлова Елена Ивановна M3233 67
Новиков Николай Петрович M3233 80
Морозова Анна Владимировна M3233 95
Григорьев Григорий Григорьевич M3233 72
Федорова Ольга Александровна M3233 89
Соколов Станислав Сергеевич M3233 78
Кузнецова Алена Викторовна M3233 85
Иванов Иван Иванович M3232 75
Петров Петр Петрович M3232 100
Сидоров Сидор Сидорович M3232 100
Козлова Елена Ивановна M3232 100
Новиков Николай Петрович M3232 100
Морозова Анна Владимировна M3232 100
Григорьев Григорий Григорьевич M3232 100
Федорова Ольга Александровна M3232 100
Соколов Станислав Сергеевич M3232 100
Кузнецова Алена Викторовна M3232 100
