ProcessID=1 : Parent_ProcessID=0 : Average_Running_Time=.58
ProcessID=2 : Parent_ProcessID=0 : Average_Running_Time=.18
Average_Running_Children_of_ParentID= 0 is .38
ProcessID=1076 : Parent_ProcessID=1 : Average_Running_Time=.51
ProcessID=1113 : Parent_ProcessID=1 : Average_Running_Time=.20
ProcessID=112 : Parent_ProcessID=1 : Average_Running_Time=.29
ProcessID=1278 : Parent_ProcessID=1 : Average_Running_Time=1.10
ProcessID=1360 : Parent_ProcessID=1 : Average_Running_Time=.45
ProcessID=1380 : Parent_ProcessID=1 : Average_Running_Time=.07
ProcessID=213 : Parent_ProcessID=1 : Average_Running_Time=.57
ProcessID=2209 : Parent_ProcessID=1 : Average_Running_Time=1.49
ProcessID=2229 : Parent_ProcessID=1 : Average_Running_Time=.81
ProcessID=262 : Parent_ProcessID=1 : Average_Running_Time=.35
ProcessID=533 : Parent_ProcessID=1 : Average_Running_Time=.31
ProcessID=534 : Parent_ProcessID=1 : Average_Running_Time=.79
ProcessID=535 : Parent_ProcessID=1 : Average_Running_Time=1.00
ProcessID=621 : Parent_ProcessID=1 : Average_Running_Time=.70
ProcessID=622 : Parent_ProcessID=1 : Average_Running_Time=.10
ProcessID=624 : Parent_ProcessID=1 : Average_Running_Time=.45
ProcessID=625 : Parent_ProcessID=1 : Average_Running_Time=.33
ProcessID=626 : Parent_ProcessID=1 : Average_Running_Time=.34
ProcessID=630 : Parent_ProcessID=1 : Average_Running_Time=.24
ProcessID=638 : Parent_ProcessID=1 : Average_Running_Time=.40
ProcessID=641 : Parent_ProcessID=1 : Average_Running_Time=.97
ProcessID=642 : Parent_ProcessID=1 : Average_Running_Time=.16
ProcessID=643 : Parent_ProcessID=1 : Average_Running_Time=.46
ProcessID=644 : Parent_ProcessID=1 : Average_Running_Time=1.48
ProcessID=647 : Parent_ProcessID=1 : Average_Running_Time=1.86
ProcessID=650 : Parent_ProcessID=1 : Average_Running_Time=.75
ProcessID=654 : Parent_ProcessID=1 : Average_Running_Time=.38
ProcessID=658 : Parent_ProcessID=1 : Average_Running_Time=.74
ProcessID=659 : Parent_ProcessID=1 : Average_Running_Time=.16
ProcessID=706 : Parent_ProcessID=1 : Average_Running_Time=1.00
ProcessID=715 : Parent_ProcessID=1 : Average_Running_Time=.77
ProcessID=745 : Parent_ProcessID=1 : Average_Running_Time=1.22
ProcessID=759 : Parent_ProcessID=1 : Average_Running_Time=.47
ProcessID=795 : Parent_ProcessID=1 : Average_Running_Time=.20
ProcessID=806 : Parent_ProcessID=1 : Average_Running_Time=.13
ProcessID=811 : Parent_ProcessID=1 : Average_Running_Time=.10
ProcessID=862 : Parent_ProcessID=1 : Average_Running_Time=.27
Average_Running_Children_of_ParentID= 1 is .58
ProcessID=10 : Parent_ProcessID=2 : Average_Running_Time=0
ProcessID=111 : Parent_ProcessID=2 : Average_Running_Time=.30
ProcessID=116650 : Parent_ProcessID=2 : Average_Running_Time=.52
ProcessID=11 : Parent_ProcessID=2 : Average_Running_Time=0
ProcessID=126888 : Parent_ProcessID=2 : Average_Running_Time=.12
ProcessID=126 : Parent_ProcessID=2 : Average_Running_Time=.28
ProcessID=12 : Parent_ProcessID=2 : Average_Running_Time=0
ProcessID=1324 : Parent_ProcessID=2 : Average_Running_Time=.04
ProcessID=132577 : Parent_ProcessID=2 : Average_Running_Time=.58
ProcessID=139373 : Parent_ProcessID=2 : Average_Running_Time=.03
ProcessID=139374 : Parent_ProcessID=2 : Average_Running_Time=.68
ProcessID=139375 : Parent_ProcessID=2 : Average_Running_Time=.04
ProcessID=13 : Parent_ProcessID=2 : Average_Running_Time=0
ProcessID=141 : Parent_ProcessID=2 : Average_Running_Time=.22
ProcessID=142 : Parent_ProcessID=2 : Average_Running_Time=.04
ProcessID=149018 : Parent_ProcessID=2 : Average_Running_Time=.05
ProcessID=149019 : Parent_ProcessID=2 : Average_Running_Time=.16
ProcessID=149021 : Parent_ProcessID=2 : Average_Running_Time=.10
ProcessID=149023 : Parent_ProcessID=2 : Average_Running_Time=.24
ProcessID=14 : Parent_ProcessID=2 : Average_Running_Time=.06
ProcessID=152148 : Parent_ProcessID=2 : Average_Running_Time=0
ProcessID=15 : Parent_ProcessID=2 : Average_Running_Time=.03
ProcessID=16 : Parent_ProcessID=2 : Average_Running_Time=.24
ProcessID=172 : Parent_ProcessID=2 : Average_Running_Time=.24
ProcessID=173 : Parent_ProcessID=2 : Average_Running_Time=.07
ProcessID=17 : Parent_ProcessID=2 : Average_Running_Time=0
ProcessID=19 : Parent_ProcessID=2 : Average_Running_Time=.05
ProcessID=20 : Parent_ProcessID=2 : Average_Running_Time=.16
ProcessID=21 : Parent_ProcessID=2 : Average_Running_Time=0
ProcessID=22 : Parent_ProcessID=2 : Average_Running_Time=.70
ProcessID=23 : Parent_ProcessID=2 : Average_Running_Time=.05
ProcessID=25 : Parent_ProcessID=2 : Average_Running_Time=.05
ProcessID=263 : Parent_ProcessID=2 : Average_Running_Time=.14
ProcessID=26 : Parent_ProcessID=2 : Average_Running_Time=.25
ProcessID=27 : Parent_ProcessID=2 : Average_Running_Time=0
ProcessID=28 : Parent_ProcessID=2 : Average_Running_Time=.62
ProcessID=29 : Parent_ProcessID=2 : Average_Running_Time=.10
ProcessID=309 : Parent_ProcessID=2 : Average_Running_Time=.03
ProcessID=31 : Parent_ProcessID=2 : Average_Running_Time=.07
ProcessID=32673 : Parent_ProcessID=2 : Average_Running_Time=.36
ProcessID=32 : Parent_ProcessID=2 : Average_Running_Time=.13
ProcessID=33 : Parent_ProcessID=2 : Average_Running_Time=0
ProcessID=34 : Parent_ProcessID=2 : Average_Running_Time=.71
ProcessID=35 : Parent_ProcessID=2 : Average_Running_Time=.29
ProcessID=37 : Parent_ProcessID=2 : Average_Running_Time=.29
ProcessID=38 : Parent_ProcessID=2 : Average_Running_Time=.16
ProcessID=39 : Parent_ProcessID=2 : Average_Running_Time=.05
ProcessID=3 : Parent_ProcessID=2 : Average_Running_Time=0
ProcessID=40 : Parent_ProcessID=2 : Average_Running_Time=.11
ProcessID=41 : Parent_ProcessID=2 : Average_Running_Time=.33
ProcessID=43 : Parent_ProcessID=2 : Average_Running_Time=.07
ProcessID=45 : Parent_ProcessID=2 : Average_Running_Time=.04
ProcessID=46 : Parent_ProcessID=2 : Average_Running_Time=.03
ProcessID=47 : Parent_ProcessID=2 : Average_Running_Time=0
ProcessID=48 : Parent_ProcessID=2 : Average_Running_Time=0
ProcessID=49 : Parent_ProcessID=2 : Average_Running_Time=0
ProcessID=4 : Parent_ProcessID=2 : Average_Running_Time=0
ProcessID=50 : Parent_ProcessID=2 : Average_Running_Time=0
ProcessID=51 : Parent_ProcessID=2 : Average_Running_Time=.01
ProcessID=52 : Parent_ProcessID=2 : Average_Running_Time=.05
ProcessID=53 : Parent_ProcessID=2 : Average_Running_Time=0
ProcessID=54 : Parent_ProcessID=2 : Average_Running_Time=0
ProcessID=55 : Parent_ProcessID=2 : Average_Running_Time=.04
ProcessID=56 : Parent_ProcessID=2 : Average_Running_Time=0
ProcessID=57 : Parent_ProcessID=2 : Average_Running_Time=.05
ProcessID=58 : Parent_ProcessID=2 : Average_Running_Time=.44
ProcessID=59 : Parent_ProcessID=2 : Average_Running_Time=.16
ProcessID=5 : Parent_ProcessID=2 : Average_Running_Time=0
ProcessID=60 : Parent_ProcessID=2 : Average_Running_Time=.19
ProcessID=61 : Parent_ProcessID=2 : Average_Running_Time=.28
ProcessID=63 : Parent_ProcessID=2 : Average_Running_Time=.20
ProcessID=64 : Parent_ProcessID=2 : Average_Running_Time=.19
ProcessID=65613 : Parent_ProcessID=2 : Average_Running_Time=.48
ProcessID=65 : Parent_ProcessID=2 : Average_Running_Time=6.40
ProcessID=66 : Parent_ProcessID=2 : Average_Running_Time=.04
ProcessID=6719 : Parent_ProcessID=2 : Average_Running_Time=.06
ProcessID=67 : Parent_ProcessID=2 : Average_Running_Time=.34
ProcessID=68 : Parent_ProcessID=2 : Average_Running_Time=.05
ProcessID=6 : Parent_ProcessID=2 : Average_Running_Time=0
ProcessID=70430 : Parent_ProcessID=2 : Average_Running_Time=.06
ProcessID=70431 : Parent_ProcessID=2 : Average_Running_Time=.22
ProcessID=73 : Parent_ProcessID=2 : Average_Running_Time=.18
ProcessID=74 : Parent_ProcessID=2 : Average_Running_Time=.18
ProcessID=756 : Parent_ProcessID=2 : Average_Running_Time=.49
ProcessID=79012 : Parent_ProcessID=2 : Average_Running_Time=.09
ProcessID=84372 : Parent_ProcessID=2 : Average_Running_Time=.38
ProcessID=84 : Parent_ProcessID=2 : Average_Running_Time=.18
ProcessID=86 : Parent_ProcessID=2 : Average_Running_Time=.25
ProcessID=87 : Parent_ProcessID=2 : Average_Running_Time=.21
ProcessID=8 : Parent_ProcessID=2 : Average_Running_Time=.50
ProcessID=91 : Parent_ProcessID=2 : Average_Running_Time=.29
ProcessID=98463 : Parent_ProcessID=2 : Average_Running_Time=.07
Average_Running_Children_of_ParentID= 2 is .22
ProcessID=666 : Parent_ProcessID=624 : Average_Running_Time=.04
Average_Running_Children_of_ParentID= 624 is .04
ProcessID=764 : Parent_ProcessID=715 : Average_Running_Time=1.75
ProcessID=769 : Parent_ProcessID=715 : Average_Running_Time=1.17
ProcessID=770 : Parent_ProcessID=715 : Average_Running_Time=.89
Average_Running_Children_of_ParentID= 715 is 1.27
ProcessID=1351 : Parent_ProcessID=759 : Average_Running_Time=1.50
Average_Running_Children_of_ParentID= 759 is 1.50
ProcessID=1391 : Parent_ProcessID=1351 : Average_Running_Time=.50
Average_Running_Children_of_ParentID= 1351 is .50
ProcessID=1361 : Parent_ProcessID=1360 : Average_Running_Time=.54
ProcessID=136267 : Parent_ProcessID=1360 : Average_Running_Time=3.16
ProcessID=1389 : Parent_ProcessID=1360 : Average_Running_Time=.31
ProcessID=1396 : Parent_ProcessID=1360 : Average_Running_Time=.08
ProcessID=1401 : Parent_ProcessID=1360 : Average_Running_Time=.48
ProcessID=1457 : Parent_ProcessID=1360 : Average_Running_Time=.77
ProcessID=1468 : Parent_ProcessID=1360 : Average_Running_Time=.35
ProcessID=1475 : Parent_ProcessID=1360 : Average_Running_Time=.65
ProcessID=1477 : Parent_ProcessID=1360 : Average_Running_Time=.33
ProcessID=1505 : Parent_ProcessID=1360 : Average_Running_Time=.71
ProcessID=1569 : Parent_ProcessID=1360 : Average_Running_Time=.62
ProcessID=1575 : Parent_ProcessID=1360 : Average_Running_Time=.72
ProcessID=1580 : Parent_ProcessID=1360 : Average_Running_Time=1.31
ProcessID=1585 : Parent_ProcessID=1360 : Average_Running_Time=1.30
ProcessID=1591 : Parent_ProcessID=1360 : Average_Running_Time=.61
ProcessID=1598 : Parent_ProcessID=1360 : Average_Running_Time=.52
ProcessID=1603 : Parent_ProcessID=1360 : Average_Running_Time=.15
ProcessID=1610 : Parent_ProcessID=1360 : Average_Running_Time=.35
ProcessID=1614 : Parent_ProcessID=1360 : Average_Running_Time=.18
ProcessID=1620 : Parent_ProcessID=1360 : Average_Running_Time=.19
ProcessID=1629 : Parent_ProcessID=1360 : Average_Running_Time=.52
ProcessID=1633 : Parent_ProcessID=1360 : Average_Running_Time=.49
ProcessID=1650 : Parent_ProcessID=1360 : Average_Running_Time=.21
ProcessID=1651 : Parent_ProcessID=1360 : Average_Running_Time=.84
ProcessID=1668 : Parent_ProcessID=1360 : Average_Running_Time=.21
ProcessID=1670 : Parent_ProcessID=1360 : Average_Running_Time=.69
ProcessID=1673 : Parent_ProcessID=1360 : Average_Running_Time=.35
ProcessID=1674 : Parent_ProcessID=1360 : Average_Running_Time=1.13
ProcessID=1676 : Parent_ProcessID=1360 : Average_Running_Time=.46
ProcessID=1677 : Parent_ProcessID=1360 : Average_Running_Time=.74
ProcessID=1686 : Parent_ProcessID=1360 : Average_Running_Time=.75
ProcessID=1692 : Parent_ProcessID=1360 : Average_Running_Time=.57
ProcessID=1694 : Parent_ProcessID=1360 : Average_Running_Time=.22
ProcessID=1698 : Parent_ProcessID=1360 : Average_Running_Time=.36
ProcessID=1704 : Parent_ProcessID=1360 : Average_Running_Time=.15
ProcessID=1708 : Parent_ProcessID=1360 : Average_Running_Time=.21
ProcessID=1720 : Parent_ProcessID=1360 : Average_Running_Time=.56
ProcessID=1723 : Parent_ProcessID=1360 : Average_Running_Time=1.27
ProcessID=1799 : Parent_ProcessID=1360 : Average_Running_Time=.22
ProcessID=1833 : Parent_ProcessID=1360 : Average_Running_Time=.89
ProcessID=1892 : Parent_ProcessID=1360 : Average_Running_Time=.79
ProcessID=1939 : Parent_ProcessID=1360 : Average_Running_Time=.17
ProcessID=1947 : Parent_ProcessID=1360 : Average_Running_Time=.58
ProcessID=1987 : Parent_ProcessID=1360 : Average_Running_Time=.77
ProcessID=2091 : Parent_ProcessID=1360 : Average_Running_Time=.27
ProcessID=2102 : Parent_ProcessID=1360 : Average_Running_Time=.69
ProcessID=2182 : Parent_ProcessID=1360 : Average_Running_Time=1.17
ProcessID=2297 : Parent_ProcessID=1360 : Average_Running_Time=.87
ProcessID=6996 : Parent_ProcessID=1360 : Average_Running_Time=.38
Average_Running_Children_of_ParentID= 1360 is .60
ProcessID=1397 : Parent_ProcessID=1391 : Average_Running_Time=.36
Average_Running_Children_of_ParentID= 1391 is .36
ProcessID=1413 : Parent_ProcessID=1396 : Average_Running_Time=.45
Average_Running_Children_of_ParentID= 1396 is .45
ProcessID=137131 : Parent_ProcessID=1468 : Average_Running_Time=.86
ProcessID=137497 : Parent_ProcessID=1468 : Average_Running_Time=.71
ProcessID=1705 : Parent_ProcessID=1468 : Average_Running_Time=.34
Average_Running_Children_of_ParentID= 1468 is .63
ProcessID=1502 : Parent_ProcessID=1477 : Average_Running_Time=.23
ProcessID=1736 : Parent_ProcessID=1477 : Average_Running_Time=.33
ProcessID=1745 : Parent_ProcessID=1477 : Average_Running_Time=.69
Average_Running_Children_of_ParentID= 1477 is .41
ProcessID=1514 : Parent_ProcessID=1502 : Average_Running_Time=.34
Average_Running_Children_of_ParentID= 1502 is .34
ProcessID=149024 : Parent_ProcessID=1505 : Average_Running_Time=1.74
ProcessID=2066 : Parent_ProcessID=1505 : Average_Running_Time=1.09
ProcessID=2094 : Parent_ProcessID=1505 : Average_Running_Time=.49
Average_Running_Children_of_ParentID= 1505 is 1.10
ProcessID=2057 : Parent_ProcessID=1987 : Average_Running_Time=.81
Average_Running_Children_of_ParentID= 1987 is .81
ProcessID=2317 : Parent_ProcessID=2297 : Average_Running_Time=.45
Average_Running_Children_of_ParentID= 2297 is .45
ProcessID=152179 : Parent_ProcessID=2317 : Average_Running_Time=.25
Average_Running_Children_of_ParentID= 2317 is .25
ProcessID=149041 : Parent_ProcessID=149024 : Average_Running_Time=4.19
Average_Running_Children_of_ParentID= 149024 is 4.19
